2026/05/19 21:58:30 [INFO] Packer version: 1.15.3 [go1.25.9 linux amd64]
2026/05/19 21:58:30 [INFO] PACKER_CONFIG env var not set; checking the default config file path
2026/05/19 21:58:30 [INFO] PACKER_CONFIG env var set; attempting to open config file: /home/minki/.packerconfig
2026/05/19 21:58:30 [WARN] Config file doesn't exist: /home/minki/.packerconfig
2026/05/19 21:58:30 [INFO] Setting cache directory: /home/minki/.cache/packer
2026/05/19 21:58:30 [TRACE] listing potential installations for "github.com/hashicorp/amazon" that match ">= 1.2.8". plugingetter.ListInstallationsOptions{PluginDirectory:"/home/minki/.config/packer/plugins", BinaryInstallationOptions:plugingetter.BinaryInstallationOptions{APIVersionMajor:"5", APIVersionMinor:"0", OS:"linux", ARCH:"amd64", Ext:"", Checksummers:[]plugingetter.Checksummer{plugingetter.Checksummer{Type:"sha256", Hash:(*sha256.Digest)(0xc000a74800)}}, ReleasesOnly:false}}
2026/05/19 21:58:30 [TRACE] Found the following "github.com/hashicorp/amazon" installations: [{/home/minki/.config/packer/plugins/github.com/hashicorp/amazon/packer-plugin-amazon_v1.3.9_x5.0_linux_amd64 v1.3.9 x5.0}]
2026/05/19 21:58:30 [INFO] found external [chroot ebs ebssurrogate ebsvolume instance] builders from amazon plugin
2026/05/19 21:58:30 [INFO] found external [import] post-processors from amazon plugin
2026/05/19 21:58:30 found external [ami parameterstore secretsmanager] datasource from amazon plugin
2026/05/19 21:58:30 [TRACE] listing potential installations for "github.com/hashicorp/ansible" that match ">= 1.1.0". plugingetter.ListInstallationsOptions{PluginDirectory:"/home/minki/.config/packer/plugins", BinaryInstallationOptions:plugingetter.BinaryInstallationOptions{APIVersionMajor:"5", APIVersionMinor:"0", OS:"linux", ARCH:"amd64", Ext:"", Checksummers:[]plugingetter.Checksummer{plugingetter.Checksummer{Type:"sha256", Hash:(*sha256.Digest)(0xc000a74800)}}, ReleasesOnly:false}}
2026/05/19 21:58:30 [TRACE] Found the following "github.com/hashicorp/ansible" installations: [{/home/minki/.config/packer/plugins/github.com/hashicorp/ansible/packer-plugin-ansible_v1.1.3_x5.0_linux_amd64 v1.1.3 x5.0}]
2026/05/19 21:58:30 found external [-packer-default-plugin-name- local] provisioner from ansible plugin
2026/05/19 21:58:30 [TRACE] listing potential installations for <nil> that match "". plugingetter.ListInstallationsOptions{PluginDirectory:"/home/minki/.config/packer/plugins", BinaryInstallationOptions:plugingetter.BinaryInstallationOptions{APIVersionMajor:"5", APIVersionMinor:"0", OS:"linux", ARCH:"amd64", Ext:"", Checksummers:[]plugingetter.Checksummer{plugingetter.Checksummer{Type:"sha256", Hash:(*sha256.Digest)(0xc000ae4000)}}, ReleasesOnly:false}}
2026/05/19 21:58:30 [INFO] found external [chroot ebs ebssurrogate ebsvolume instance] builders from amazon plugin
2026/05/19 21:58:30 [INFO] found external [import] post-processors from amazon plugin
2026/05/19 21:58:30 found external [ami parameterstore secretsmanager] datasource from amazon plugin
2026/05/19 21:58:30 found external [-packer-default-plugin-name- local] provisioner from ansible plugin
2026/05/19 21:58:30 [TRACE] Using protobuf for communication with plugins
2026/05/19 21:58:30 [INFO] Starting external plugin /home/minki/.config/packer/plugins/github.com/hashicorp/amazon/packer-plugin-amazon_v1.3.9_x5.0_linux_amd64 start builder --protobuf ebs
2026/05/19 21:58:30 Starting plugin: /home/minki/.config/packer/plugins/github.com/hashicorp/amazon/packer-plugin-amazon_v1.3.9_x5.0_linux_amd64 []string{"/home/minki/.config/packer/plugins/github.com/hashicorp/amazon/packer-plugin-amazon_v1.3.9_x5.0_linux_amd64", "start", "builder", "--protobuf", "ebs"}
2026/05/19 21:58:30 Waiting for RPC address for: /home/minki/.config/packer/plugins/github.com/hashicorp/amazon/packer-plugin-amazon_v1.3.9_x5.0_linux_amd64
2026/05/19 21:58:30 packer-plugin-amazon_v1.3.9_x5.0_linux_amd64 plugin: 2026/05/19 21:58:30 Plugin address: unix /tmp/packer-plugin4095047378
2026/05/19 21:58:30 packer-plugin-amazon_v1.3.9_x5.0_linux_amd64 plugin: 2026/05/19 21:58:30 Waiting for connection...
2026/05/19 21:58:30 Received unix RPC address for /home/minki/.config/packer/plugins/github.com/hashicorp/amazon/packer-plugin-amazon_v1.3.9_x5.0_linux_amd64: addr is /tmp/packer-plugin4095047378
2026/05/19 21:58:30 packer-plugin-amazon_v1.3.9_x5.0_linux_amd64 plugin: 2026/05/19 21:58:30 Serving a plugin connection...
2026/05/19 21:58:30 packer-plugin-amazon_v1.3.9_x5.0_linux_amd64 plugin: 2026/05/19 21:58:30 [TRACE] starting builder ebs
2026/05/19 21:58:30 packer-plugin-amazon_v1.3.9_x5.0_linux_amd64 plugin: 2026/05/19 21:58:30 [DEBUG] - common: sending ConfigSpec as protobuf
2026/05/19 21:58:30 [DEBUG] - common: receiving ConfigSpec as protobuf
2026/05/19 21:58:30 packer-plugin-amazon_v1.3.9_x5.0_linux_amd64 plugin: 2026/05/19 21:58:30 [INFO] (aws): No AWS timeout and polling overrides have been set. Packer will default to waiter-specific delays and timeouts. If you would like to customize the length of time between retries and max number of retries you may do so by setting the environment variables AWS_POLL_DELAY_SECONDS and AWS_MAX_ATTEMPTS or the configuration options aws_polling_delay_seconds and aws_polling_max_attempts to your desired values.
2026/05/19 21:58:30 packer-plugin-amazon_v1.3.9_x5.0_linux_amd64 plugin: 2026/05/19 21:58:30 [DEBUG] - common: sending ConfigSpec as protobuf
2026/05/19 21:58:30 [DEBUG] - common: receiving ConfigSpec as protobuf
2026/05/19 21:58:30 [INFO] Starting external plugin /home/minki/.config/packer/plugins/github.com/hashicorp/ansible/packer-plugin-ansible_v1.1.3_x5.0_linux_amd64 start provisioner --protobuf -packer-default-plugin-name-
2026/05/19 21:58:30 Starting plugin: /home/minki/.config/packer/plugins/github.com/hashicorp/ansible/packer-plugin-ansible_v1.1.3_x5.0_linux_amd64 []string{"/home/minki/.config/packer/plugins/github.com/hashicorp/ansible/packer-plugin-ansible_v1.1.3_x5.0_linux_amd64", "start", "provisioner", "--protobuf", "-packer-default-plugin-name-"}
2026/05/19 21:58:30 Waiting for RPC address for: /home/minki/.config/packer/plugins/github.com/hashicorp/ansible/packer-plugin-ansible_v1.1.3_x5.0_linux_amd64
2026/05/19 21:58:30 packer-plugin-ansible_v1.1.3_x5.0_linux_amd64 plugin: 2026/05/19 21:58:30 Plugin address: unix /tmp/packer-plugin4290163262
2026/05/19 21:58:30 packer-plugin-ansible_v1.1.3_x5.0_linux_amd64 plugin: 2026/05/19 21:58:30 Waiting for connection...
2026/05/19 21:58:30 Received unix RPC address for /home/minki/.config/packer/plugins/github.com/hashicorp/ansible/packer-plugin-ansible_v1.1.3_x5.0_linux_amd64: addr is /tmp/packer-plugin4290163262
2026/05/19 21:58:30 packer-plugin-ansible_v1.1.3_x5.0_linux_amd64 plugin: 2026/05/19 21:58:30 Serving a plugin connection...
2026/05/19 21:58:30 packer-plugin-ansible_v1.1.3_x5.0_linux_amd64 plugin: 2026/05/19 21:58:30 [TRACE] starting provisioner -packer-default-plugin-name-
2026/05/19 21:58:30 packer-plugin-ansible_v1.1.3_x5.0_linux_amd64 plugin: 2026/05/19 21:58:30 [DEBUG] - common: sending ConfigSpec as protobuf
2026/05/19 21:58:30 [DEBUG] - common: receiving ConfigSpec as protobuf
2026/05/19 21:58:30 packer-plugin-ansible_v1.1.3_x5.0_linux_amd64 plugin: 2026/05/19 21:58:30 ansible-playbook version: 2.20.1
2026/05/19 21:58:30 packer-plugin-ansible_v1.1.3_x5.0_linux_amd64 plugin: 2026/05/19 21:58:30 [DEBUG] - common: sending ConfigSpec as protobuf
2026/05/19 21:58:30 [DEBUG] - common: receiving ConfigSpec as protobuf
2026/05/19 21:58:30 Build debug mode: false
2026/05/19 21:58:30 Force build: false
2026/05/19 21:58:30 On error: 
2026/05/19 21:58:30 Waiting on builds to complete...
2026/05/19 21:58:30 Starting build run: amazon-ebs.project01_was_ami
[1;32mamazon-ebs.project01_was_ami: output will be in this color.[0m

2026/05/19 21:58:30 Running builder: amazon-ebs
2026/05/19 21:58:30 [INFO] (telemetry) Starting builder amazon-ebs.project01_was_ami
2026/05/19 21:58:30 packer-plugin-amazon_v1.3.9_x5.0_linux_amd64 plugin: 2026/05/19 21:58:30 [INFO] AWS Auth provider used: "SharedCredentialsProvider"
2026/05/19 21:58:30 packer-plugin-amazon_v1.3.9_x5.0_linux_amd64 plugin: 2026/05/19 21:58:30 Found region ap-northeast-2
2026/05/19 21:58:30 packer-plugin-amazon_v1.3.9_x5.0_linux_amd64 plugin: 2026/05/19 21:58:30 [INFO] AWS Auth provider used: "SharedCredentialsProvider"
[1;32m==> amazon-ebs.project01_was_ami: Prevalidating any provided VPC information[0m
[1;32m==> amazon-ebs.project01_was_ami: Prevalidating AMI Name: project01-was-ami-1779195510[0m
2026/05/19 21:58:31 packer-plugin-amazon_v1.3.9_x5.0_linux_amd64 plugin: 2026/05/19 21:58:31 Using AMI Filters {
2026/05/19 21:58:31 packer-plugin-amazon_v1.3.9_x5.0_linux_amd64 plugin:   ImageIds: ["ami-0b6cacee0430cdb2c"],
2026/05/19 21:58:31 packer-plugin-amazon_v1.3.9_x5.0_linux_amd64 plugin:   IncludeDeprecated: false
2026/05/19 21:58:31 packer-plugin-amazon_v1.3.9_x5.0_linux_amd64 plugin: }
[1;32m==> amazon-ebs.project01_was_ami: Found Image ID: ami-0b6cacee0430cdb2c[0m
[1;32m==> amazon-ebs.project01_was_ami: Creating temporary keypair: packer_6a0c5e76-27e5-3a1d-8273-52e689c03264[0m
[1;32m==> amazon-ebs.project01_was_ami: Creating temporary security group for this instance: packer_6a0c5e77-b6a5-ff86-9665-1fd3566a8981[0m
2026/05/19 21:58:31 packer-plugin-amazon_v1.3.9_x5.0_linux_amd64 plugin: 2026/05/19 21:58:31 [DEBUG] Waiting for temporary security group: sg-0bc85e4695dc73de2
2026/05/19 21:58:31 packer-plugin-amazon_v1.3.9_x5.0_linux_amd64 plugin: 2026/05/19 21:58:31 [DEBUG] Found security group sg-0bc85e4695dc73de2
[1;32m==> amazon-ebs.project01_was_ami: Authorizing access to port 22 from [0.0.0.0/0] in the temporary security groups...[0m
[1;32m==> amazon-ebs.project01_was_ami: Launching a source AWS instance...[0m
[1;32m==> amazon-ebs.project01_was_ami: Instance ID: i-06b25e125206cda5a[0m
[1;32m==> amazon-ebs.project01_was_ami: Waiting for instance (i-06b25e125206cda5a) to become ready...[0m
2026/05/19 21:58:48 packer-plugin-amazon_v1.3.9_x5.0_linux_amd64 plugin: 2026/05/19 21:58:48 [INFO] Not using winrm communicator, skipping get password...
[1;32m==> amazon-ebs.project01_was_ami: Using SSH communicator to connect: 43.201.28.150[0m
2026/05/19 21:58:48 packer-plugin-amazon_v1.3.9_x5.0_linux_amd64 plugin: 2026/05/19 21:58:48 [INFO] Waiting for SSH, up to timeout: 5m0s
[1;32m==> amazon-ebs.project01_was_ami: Waiting for SSH to become available...[0m
2026/05/19 21:58:48 packer-plugin-amazon_v1.3.9_x5.0_linux_amd64 plugin: 2026/05/19 21:58:48 Using host value: 43.201.28.150
2026/05/19 21:58:48 packer-plugin-amazon_v1.3.9_x5.0_linux_amd64 plugin: 2026/05/19 21:58:48 [INFO] Attempting SSH connection to 43.201.28.150:22...
2026/05/19 21:58:48 packer-plugin-amazon_v1.3.9_x5.0_linux_amd64 plugin: 2026/05/19 21:58:48 [DEBUG] reconnecting to TCP connection for SSH
2026/05/19 21:58:48 packer-plugin-amazon_v1.3.9_x5.0_linux_amd64 plugin: 2026/05/19 21:58:48 [DEBUG] handshaking with SSH
2026/05/19 21:58:50 packer-plugin-amazon_v1.3.9_x5.0_linux_amd64 plugin: 2026/05/19 21:58:50 [DEBUG] handshake complete!
[1;32m==> amazon-ebs.project01_was_ami: Connected to SSH![0m
2026/05/19 21:58:50 packer-plugin-amazon_v1.3.9_x5.0_linux_amd64 plugin: 2026/05/19 21:58:50 [ERROR] Failed to get SSH agent: SSH_AUTH_SOCK is not set
2026/05/19 21:58:50 packer-plugin-amazon_v1.3.9_x5.0_linux_amd64 plugin: 2026/05/19 21:58:50 Running the provision hook
2026/05/19 21:58:50 [INFO] (telemetry) Starting provisioner ansible
2026/05/19 21:58:50 packer-plugin-ansible_v1.1.3_x5.0_linux_amd64 plugin: 2026/05/19 21:58:50 [DEBUG] - common: sending ConfigSpec as protobuf
2026/05/19 21:58:50 [DEBUG] - common: receiving ConfigSpec as protobuf
2026/05/19 21:58:51 packer-plugin-ansible_v1.1.3_x5.0_linux_amd64 plugin: 2026/05/19 21:58:51 ansible-playbook version: 2.20.1
[1;32m==> amazon-ebs.project01_was_ami: Provisioning with Ansible...[0m
==> amazon-ebs.project01_was_ami: 	Using ssh keys from Packer communicator...[0m
[1;32m==> amazon-ebs.project01_was_ami: Not using Proxy adapter for Ansible run:
==> amazon-ebs.project01_was_ami: 	Using ssh keys from Packer communicator...[0m
2026/05/19 21:58:51 packer-plugin-ansible_v1.1.3_x5.0_linux_amd64 plugin: 2026/05/19 21:58:51 Creating inventory file for Ansible run...
[1;32m==> amazon-ebs.project01_was_ami: Executing Ansible: ansible-playbook -e packer_build_name="project01_was_ami" -e packer_builder_type=amazon-ebs --ssh-extra-args '-o IdentitiesOnly=yes' -e ansible_ssh_private_key_file=/tmp/ansible-key2320879180 -i /tmp/packer-provisioner-ansible684559298 /home/minki/project01/p01_dream_team/ansible/playbooks/packer_was.yml[0m
[1;32m==> amazon-ebs.project01_was_ami: [ERROR]: the role 'exporters' was not found in /home/minki/project01/p01_dream_team/ansible/playbooks/roles:/home/minki/project01/p01_dream_team/ansible/roles:/home/minki/project01/p01_dream_team/ansible/playbooks[0m
[1;32m==> amazon-ebs.project01_was_ami: Origin: /home/minki/project01/p01_dream_team/ansible/playbooks/packer_was.yml:12:7[0m
[1;32m==> amazon-ebs.project01_was_ami:[0m
[1;32m==> amazon-ebs.project01_was_ami: 10     - nginx[0m
[1;32m==> amazon-ebs.project01_was_ami: 11     - fastapi[0m
[1;32m==> amazon-ebs.project01_was_ami: 12     - exporters[0m
[1;32m==> amazon-ebs.project01_was_ami:          ^ column 7[0m
[1;32m==> amazon-ebs.project01_was_ami:[0m
2026/05/19 21:58:51 [INFO] (telemetry) ending ansible
[1;32m==> amazon-ebs.project01_was_ami: Provisioning step had errors: Running the cleanup provisioner, if present...[0m
[1;32m==> amazon-ebs.project01_was_ami: Terminating the source AWS instance...[0m
[1;32m==> amazon-ebs.project01_was_ami: Cleaning up any extra volumes...[0m
[1;32m==> amazon-ebs.project01_was_ami: No volumes to clean up, skipping[0m
[1;32m==> amazon-ebs.project01_was_ami: Deleting temporary security group...[0m
[1;32m==> amazon-ebs.project01_was_ami: Deleting temporary keypair...[0m
2026/05/19 21:59:23 [INFO] (telemetry) ending amazon-ebs.project01_was_ami
==> Wait completed after 52 seconds 269 milliseconds
2026/05/19 21:59:23 machine readable: error-count []string{"1"}
==> Some builds didn't complete successfully and had errors:
2026/05/19 21:59:23 machine readable: amazon-ebs.project01_was_ami,error []string{"Error executing Ansible: Non-zero exit status: exit status 1"}
==> Builds finished but no artifacts were created.
[1;31mBuild 'amazon-ebs.project01_was_ami' errored after 52 seconds 269 milliseconds: Error executing Ansible: Non-zero exit status: exit status 1[0m
2026/05/19 21:59:23 [INFO] (telemetry) Finalizing.

==> Wait completed after 52 seconds 269 milliseconds

==> Some builds didn't complete successfully and had errors:
--> amazon-ebs.project01_was_ami: Error executing Ansible: Non-zero exit status: exit status 1

==> Builds finished but no artifacts were created.
2026/05/19 21:59:23 waiting for all plugin processes to complete...
2026/05/19 21:59:23 /home/minki/.config/packer/plugins/github.com/hashicorp/ansible/packer-plugin-ansible_v1.1.3_x5.0_linux_amd64: plugin process exited
2026/05/19 21:59:23 /home/minki/.config/packer/plugins/github.com/hashicorp/amazon/packer-plugin-amazon_v1.3.9_x5.0_linux_amd64: plugin process exited
